# JRE version: Java(TM) SE Runtime Environment 18.9 (11.0.8+10) (build 11.0.8+10-LTS)
# Java VM: Java HotSpot(TM) 64-Bit Server VM 18.9 (11.0.8+10-LTS, mixed mode, tiered, compressed oops, serial gc, linux-amd64)
Heap:
 def new generation   total 1126080K, used 49268K [0x0000000609400000, 0x00000006559d0000, 0x00000006b0d50000)
  eden space 1001024K,   4% used [0x0000000609400000, 0x000000060c41d198, 0x0000000646590000)
  from space 125056K,   0% used [0x000000064dfb0000, 0x000000064dfb0000, 0x00000006559d0000)
  to   space 125056K,   0% used [0x0000000646590000, 0x0000000646590000, 0x000000064dfb0000)
 tenured generation   total 2515904K, used 2515903K [0x00000006b0d50000, 0x000000074a640000, 0x0000000800000000)
   the space 2515904K,  99% used [0x00000006b0d50000, 0x000000074a63fff8, 0x000000074a640000, 0x000000074a640000)
 Metaspace       used 111714K, capacity 115443K, committed 115760K, reserved 1148928K
  class space    used 14725K, capacity 16470K, committed 16512K, reserved 1048576K
GC Heap History (10 events):
Event: 315,050 GC heap after
{Heap after GC invocations=22 (full 6):
 def new generation   total 590400K, used 65536K [0x0000000609400000, 0x0000000631490000, 0x00000006b0d50000)
  eden space 524864K,   0% used [0x0000000609400000, 0x0000000609400000, 0x0000000629490000)
  from space 65536K, 100% used [0x0000000629490000, 0x000000062d490000, 0x000000062d490000)
  to   space 65536K,   0% used [0x000000062d490000, 0x000000062d490000, 0x0000000631490000)
 tenured generation   total 1311744K, used 1116189K [0x00000006b0d50000, 0x0000000700e50000, 0x0000000800000000)
   the space 1311744K,  85% used [0x00000006b0d50000, 0x00000006f4f57420, 0x00000006f4f57600, 0x0000000700e50000)
 Metaspace       used 111626K, capacity 115376K, committed 115504K, reserved 1148928K
  class space    used 14725K, capacity 16470K, committed 16512K, reserved 1048576K
}
Event: 332,812 GC heap before
{Heap before GC invocations=22 (full 6):
 def new generation   total 590400K, used 590400K [0x0000000609400000, 0x0000000631490000, 0x00000006b0d50000)
  eden space 524864K, 100% used [0x0000000609400000, 0x0000000629490000, 0x0000000629490000)
  from space 65536K, 100% used [0x0000000629490000, 0x000000062d490000, 0x000000062d490000)
  to   space 65536K,   0% used [0x000000062d490000, 0x000000062d490000, 0x0000000631490000)
 tenured generation   total 1311744K, used 1116189K [0x00000006b0d50000, 0x0000000700e50000, 0x0000000800000000)
   the space 1311744K,  85% used [0x00000006b0d50000, 0x00000006f4f57420, 0x00000006f4f57600, 0x0000000700e50000)
 Metaspace       used 111643K, capacity 115378K, committed 115504K, reserved 1148928K
  class space    used 14725K, capacity 16470K, committed 16512K, reserved 1048576K
}
Event: 334,510 GC heap after
{Heap after GC invocations=23 (full 6):
 def new generation   total 590400K, used 65536K [0x0000000609400000, 0x0000000631490000, 0x00000006b0d50000)
  eden space 524864K,   0% used [0x0000000609400000, 0x0000000609400000, 0x0000000629490000)
  from space 65536K, 100% used [0x000000062d490000, 0x0000000631490000, 0x0000000631490000)
  to   space 65536K,   0% used [0x0000000629490000, 0x0000000629490000, 0x000000062d490000)
 tenured generation   total 1311744K, used 1300840K [0x00000006b0d50000, 0x0000000700e50000, 0x0000000800000000)
   the space 1311744K,  99% used [0x00000006b0d50000, 0x00000007003aa340, 0x00000007003aa400, 0x0000000700e50000)
 Metaspace       used 111643K, capacity 115378K, committed 115504K, reserved 1148928K
  class space    used 14725K, capacity 16470K, committed 16512K, reserved 1048576K
}
Event: 346,132 GC heap before
{Heap before GC invocations=23 (full 6):
 def new generation   total 590400K, used 590400K [0x0000000609400000, 0x0000000631490000, 0x00000006b0d50000)
  eden space 524864K, 100% used [0x0000000609400000, 0x0000000629490000, 0x0000000629490000)
  from space 65536K, 100% used [0x000000062d490000, 0x0000000631490000, 0x0000000631490000)
  to   space 65536K,   0% used [0x0000000629490000, 0x0000000629490000, 0x000000062d490000)
 tenured generation   total 1311744K, used 1300840K [0x00000006b0d50000, 0x0000000700e50000, 0x0000000800000000)
   the space 1311744K,  99% used [0x00000006b0d50000, 0x00000007003aa340, 0x00000007003aa400, 0x0000000700e50000)
 Metaspace       used 111664K, capacity 115378K, committed 115504K, reserved 1148928K
  class space    used 14725K, capacity 16470K, committed 16512K, reserved 1048576K
}
Event: 350,813 GC heap after
{Heap after GC invocations=24 (full 7):
 def new generation   total 1126080K, used 65355K [0x0000000609400000, 0x00000006559d0000, 0x00000006b0d50000)
  eden space 1001024K,   6% used [0x0000000609400000, 0x000000060d3d2fb0, 0x0000000646590000)
  from space 125056K,   0% used [0x0000000646590000, 0x0000000646590000, 0x000000064dfb0000)
  to   space 125056K,   0% used [0x000000064dfb0000, 0x000000064dfb0000, 0x00000006559d0000)
 tenured generation   total 2502080K, used 1501248K [0x00000006b0d50000, 0x00000007498c0000, 0x0000000800000000)
   the space 2502080K,  60% used [0x00000006b0d50000, 0x000000070c760000, 0x000000070c760000, 0x00000007498c0000)
 Metaspace       used 111664K, capacity 115378K, committed 115504K, reserved 1148928K
  class space    used 14725K, capacity 16470K, committed 16512K, reserved 1048576K
}
Event: 372,917 GC heap before
{Heap before GC invocations=24 (full 7):
 def new generation   total 1126080K, used 1001024K [0x0000000609400000, 0x00000006559d0000, 0x00000006b0d50000)
  eden space 1001024K, 100% used [0x0000000609400000, 0x0000000646590000, 0x0000000646590000)
  from space 125056K,   0% used [0x0000000646590000, 0x0000000646590000, 0x000000064dfb0000)
  to   space 125056K,   0% used [0x000000064dfb0000, 0x000000064dfb0000, 0x00000006559d0000)
 tenured generation   total 2502080K, used 1501248K [0x00000006b0d50000, 0x00000007498c0000, 0x0000000800000000)
   the space 2502080K,  60% used [0x00000006b0d50000, 0x000000070c760000, 0x000000070c760000, 0x00000007498c0000)
 Metaspace       used 111676K, capacity 115379K, committed 115504K, reserved 1148928K
  class space    used 14725K, capacity 16470K, committed 16512K, reserved 1048576K
}
Event: 376,403 GC heap after
{Heap after GC invocations=25 (full 7):
 def new generation   total 1126080K, used 125056K [0x0000000609400000, 0x00000006559d0000, 0x00000006b0d50000)
  eden space 1001024K,   0% used [0x0000000609400000, 0x0000000609400000, 0x0000000646590000)
  from space 125056K, 100% used [0x000000064dfb0000, 0x00000006559d0000, 0x00000006559d0000)
  to   space 125056K,   0% used [0x0000000646590000, 0x0000000646590000, 0x000000064dfb0000)
 tenured generation   total 2502080K, used 1771656K [0x00000006b0d50000, 0x00000007498c0000, 0x0000000800000000)
   the space 2502080K,  70% used [0x00000006b0d50000, 0x000000071cf72340, 0x000000071cf72400, 0x00000007498c0000)
 Metaspace       used 111676K, capacity 115379K, committed 115504K, reserved 1148928K
  class space    used 14725K, capacity 16470K, committed 16512K, reserved 1048576K
}
Event: 398,875 GC heap before
{Heap before GC invocations=25 (full 7):
 def new generation   total 1126080K, used 1126080K [0x0000000609400000, 0x00000006559d0000, 0x00000006b0d50000)
  eden space 1001024K, 100% used [0x0000000609400000, 0x0000000646590000, 0x0000000646590000)
  from space 125056K, 100% used [0x000000064dfb0000, 0x00000006559d0000, 0x00000006559d0000)
  to   space 125056K,   0% used [0x0000000646590000, 0x0000000646590000, 0x000000064dfb0000)
 tenured generation   total 2502080K, used 1771656K [0x00000006b0d50000, 0x00000007498c0000, 0x0000000800000000)
   the space 2502080K,  70% used [0x00000006b0d50000, 0x000000071cf72340, 0x000000071cf72400, 0x00000007498c0000)
 Metaspace       used 111690K, capacity 115379K, committed 115504K, reserved 1148928K
  class space    used 14725K, capacity 16470K, committed 16512K, reserved 1048576K
}
Event: 401,967 GC heap after
{Heap after GC invocations=26 (full 7):
 def new generation   total 1126080K, used 125055K [0x0000000609400000, 0x00000006559d0000, 0x00000006b0d50000)
  eden space 1001024K,   0% used [0x0000000609400000, 0x0000000609400000, 0x0000000646590000)
  from space 125056K,  99% used [0x0000000646590000, 0x000000064dfafff8, 0x000000064dfb0000)
  to   space 125056K,   0% used [0x000000064dfb0000, 0x000000064dfb0000, 0x00000006559d0000)
 tenured generation   total 2502080K, used 2127056K [0x00000006b0d50000, 0x00000007498c0000, 0x0000000800000000)
   the space 2502080K,  85% used [0x00000006b0d50000, 0x0000000732a84048, 0x0000000732a84200, 0x00000007498c0000)
 Metaspace       used 111690K, capacity 115379K, committed 115504K, reserved 1148928K
  class space    used 14725K, capacity 16470K, committed 16512K, reserved 1048576K
}
Event: 424,178 GC heap before
{Heap before GC invocations=26 (full 7):
 def new generation   total 1126080K, used 1126079K [0x0000000609400000, 0x00000006559d0000, 0x00000006b0d50000)
  eden space 1001024K, 100% used [0x0000000609400000, 0x0000000646590000, 0x0000000646590000)
  from space 125056K,  99% used [0x0000000646590000, 0x000000064dfafff8, 0x000000064dfb0000)
  to   space 125056K,   0% used [0x000000064dfb0000, 0x000000064dfb0000, 0x00000006559d0000)
 tenured generation   total 2502080K, used 2127056K [0x00000006b0d50000, 0x00000007498c0000, 0x0000000800000000)
   the space 2502080K,  85% used [0x00000006b0d50000, 0x0000000732a84048, 0x0000000732a84200, 0x00000007498c0000)
 Metaspace       used 111714K, capacity 115443K, committed 115760K, reserved 1148928K
  class space    used 14725K, capacity 16470K, committed 16512K, reserved 1048576K
}

